{"C:\\Users\\Brian\\food\\src\\api\\yelp.js": {"path":"C:\\Users\\Brian\\food\\src\\api\\yelp.js","statementMap":{"0":{"start":{"line":3,"column":21},"end":{"line":3,"column":57}},"1":{"start":{"line":5,"column":20},"end":{"line":5,"column":157}}},"fnMap":{},"branchMap":{},"s":{"0":4,"1":4},"f":{},"b":{},"_coverageSchema":"1a1c01bbd47fc00a2c39e90264f33305004495a9","hash":"089870233af56528bc648dfc4b069b0245209ee3"}
,"C:\\Users\\Brian\\food\\src\\components\\ResultsDetail.js": {"path":"C:\\Users\\Brian\\food\\src\\components\\ResultsDetail.js","statementMap":{"0":{"start":{"line":4,"column":22},"end":{"line":10,"column":1}},"1":{"start":{"line":5,"column":4},"end":{"line":9,"column":11}},"2":{"start":{"line":12,"column":15},"end":{"line":26,"column":2}}},"fnMap":{"0":{"name":"(anonymous_0)","decl":{"start":{"line":4,"column":22},"end":{"line":4,"column":23}},"loc":{"start":{"line":4,"column":40},"end":{"line":10,"column":1}},"line":4}},"branchMap":{},"s":{"0":4,"1":0,"2":4},"f":{"0":0},"b":{},"_coverageSchema":"1a1c01bbd47fc00a2c39e90264f33305004495a9","hash":"5a697d10b4079d3c65e6a763fec38360859e5e6a"}
,"C:\\Users\\Brian\\food\\src\\components\\ResultsList.js": {"path":"C:\\Users\\Brian\\food\\src\\components\\ResultsList.js","statementMap":{"0":{"start":{"line":6,"column":20},"end":{"line":28,"column":1}},"1":{"start":{"line":8,"column":4},"end":{"line":10,"column":5}},"2":{"start":{"line":9,"column":8},"end":{"line":9,"column":20}},"3":{"start":{"line":12,"column":4},"end":{"line":27,"column":11}},"4":{"start":{"line":18,"column":44},"end":{"line":18,"column":53}},"5":{"start":{"line":20,"column":16},"end":{"line":24,"column":35}},"6":{"start":{"line":20,"column":61},"end":{"line":20,"column":106}},"7":{"start":{"line":30,"column":22},"end":{"line":40,"column":2}}},"fnMap":{"0":{"name":"(anonymous_0)","decl":{"start":{"line":6,"column":20},"end":{"line":6,"column":21}},"loc":{"start":{"line":6,"column":59},"end":{"line":28,"column":1}},"line":6},"1":{"name":"(anonymous_1)","decl":{"start":{"line":18,"column":27},"end":{"line":18,"column":28}},"loc":{"start":{"line":18,"column":43},"end":{"line":18,"column":54}},"line":18},"2":{"name":"(anonymous_2)","decl":{"start":{"line":19,"column":24},"end":{"line":19,"column":25}},"loc":{"start":{"line":19,"column":40},"end":{"line":25,"column":13}},"line":19},"3":{"name":"(anonymous_3)","decl":{"start":{"line":20,"column":50},"end":{"line":20,"column":51}},"loc":{"start":{"line":20,"column":60},"end":{"line":20,"column":107}},"line":20}},"branchMap":{"0":{"loc":{"start":{"line":8,"column":4},"end":{"line":10,"column":5}},"type":"if","locations":[{"start":{"line":8,"column":4},"end":{"line":10,"column":5}},{"start":{"line":8,"column":4},"end":{"line":10,"column":5}}],"line":8}},"s":{"0":4,"1":0,"2":0,"3":0,"4":0,"5":0,"6":0,"7":4},"f":{"0":0,"1":0,"2":0,"3":0},"b":{"0":[0,0]},"_coverageSchema":"1a1c01bbd47fc00a2c39e90264f33305004495a9","hash":"3690b8de8b26e7806e8cf959fa6cadc83ac096a5"}
,"C:\\Users\\Brian\\food\\src\\components\\SearchBar.js": {"path":"C:\\Users\\Brian\\food\\src\\components\\SearchBar.js","statementMap":{"0":{"start":{"line":5,"column":13},"end":{"line":5,"column":21}},"1":{"start":{"line":7,"column":20},"end":{"line":7,"column":24}},"2":{"start":{"line":9,"column":21},"end":{"line":9,"column":29}},"3":{"start":{"line":11,"column":18},"end":{"line":26,"column":1}},"4":{"start":{"line":13,"column":4},"end":{"line":25,"column":11}},"5":{"start":{"line":28,"column":15},"end":{"line":49,"column":2}}},"fnMap":{"0":{"name":"(anonymous_0)","decl":{"start":{"line":11,"column":18},"end":{"line":11,"column":19}},"loc":{"start":{"line":11,"column":63},"end":{"line":26,"column":1}},"line":11}},"branchMap":{},"s":{"0":4,"1":4,"2":4,"3":4,"4":0,"5":4},"f":{"0":0},"b":{},"_coverageSchema":"1a1c01bbd47fc00a2c39e90264f33305004495a9","hash":"b691334aa4c68d97e72994804910e3cd91ff5493"}
,"C:\\Users\\Brian\\food\\src\\hooks\\useResults.js": {"path":"C:\\Users\\Brian\\food\\src\\hooks\\useResults.js","statementMap":{"0":{"start":{"line":6,"column":34},"end":{"line":6,"column":46}},"1":{"start":{"line":7,"column":44},"end":{"line":7,"column":56}},"2":{"start":{"line":9,"column":22},"end":{"line":27,"column":5}},"3":{"start":{"line":11,"column":8},"end":{"line":11,"column":33}},"4":{"start":{"line":13,"column":8},"end":{"line":13,"column":28}},"5":{"start":{"line":15,"column":8},"end":{"line":26,"column":5}},"6":{"start":{"line":16,"column":25},"end":{"line":22,"column":10}},"7":{"start":{"line":23,"column":8},"end":{"line":23,"column":45}},"8":{"start":{"line":25,"column":8},"end":{"line":25,"column":48}},"9":{"start":{"line":33,"column":4},"end":{"line":35,"column":10}},"10":{"start":{"line":34,"column":8},"end":{"line":34,"column":27}},"11":{"start":{"line":37,"column":4},"end":{"line":37,"column":45}}},"fnMap":{"0":{"name":"(anonymous_0)","decl":{"start":{"line":4,"column":15},"end":{"line":4,"column":16}},"loc":{"start":{"line":4,"column":25},"end":{"line":39,"column":1}},"line":4},"1":{"name":"(anonymous_1)","decl":{"start":{"line":9,"column":22},"end":{"line":9,"column":23}},"loc":{"start":{"line":9,"column":48},"end":{"line":27,"column":5}},"line":9},"2":{"name":"(anonymous_2)","decl":{"start":{"line":33,"column":14},"end":{"line":33,"column":15}},"loc":{"start":{"line":33,"column":24},"end":{"line":35,"column":5}},"line":33}},"branchMap":{},"s":{"0":0,"1":0,"2":0,"3":0,"4":0,"5":0,"6":0,"7":0,"8":0,"9":0,"10":0,"11":0},"f":{"0":0,"1":0,"2":0},"b":{},"_coverageSchema":"1a1c01bbd47fc00a2c39e90264f33305004495a9","hash":"a02f56fa2c6d119c0ce13df71c89d9cfdcc5dc93"}
,"C:\\Users\\Brian\\food\\src\\screens\\SearchScreen.js": {"path":"C:\\Users\\Brian\\food\\src\\screens\\SearchScreen.js","statementMap":{"0":{"start":{"line":8,"column":21},"end":{"line":49,"column":1}},"1":{"start":{"line":10,"column":27},"end":{"line":10,"column":39}},"2":{"start":{"line":11,"column":47},"end":{"line":11,"column":59}},"3":{"start":{"line":13,"column":4},"end":{"line":13,"column":24}},"4":{"start":{"line":17,"column":33},"end":{"line":21,"column":5}},"5":{"start":{"line":18,"column":8},"end":{"line":20,"column":10}},"6":{"start":{"line":19,"column":12},"end":{"line":19,"column":41}},"7":{"start":{"line":23,"column":4},"end":{"line":48,"column":7}},"8":{"start":{"line":27,"column":37},"end":{"line":27,"column":52}},"9":{"start":{"line":51,"column":15},"end":{"line":51,"column":36}}},"fnMap":{"0":{"name":"(anonymous_0)","decl":{"start":{"line":8,"column":21},"end":{"line":8,"column":22}},"loc":{"start":{"line":8,"column":31},"end":{"line":49,"column":1}},"line":8},"1":{"name":"(anonymous_1)","decl":{"start":{"line":17,"column":33},"end":{"line":17,"column":34}},"loc":{"start":{"line":17,"column":48},"end":{"line":21,"column":5}},"line":17},"2":{"name":"(anonymous_2)","decl":{"start":{"line":18,"column":30},"end":{"line":18,"column":31}},"loc":{"start":{"line":18,"column":46},"end":{"line":20,"column":9}},"line":18},"3":{"name":"(anonymous_3)","decl":{"start":{"line":27,"column":26},"end":{"line":27,"column":27}},"loc":{"start":{"line":27,"column":36},"end":{"line":27,"column":53}},"line":27}},"branchMap":{"0":{"loc":{"start":{"line":29,"column":9},"end":{"line":29,"column":58}},"type":"cond-expr","locations":[{"start":{"line":29,"column":24},"end":{"line":29,"column":51}},{"start":{"line":29,"column":54},"end":{"line":29,"column":58}}],"line":29}},"s":{"0":4,"1":0,"2":0,"3":0,"4":0,"5":0,"6":0,"7":0,"8":0,"9":4},"f":{"0":0,"1":0,"2":0,"3":0},"b":{"0":[0,0]},"_coverageSchema":"1a1c01bbd47fc00a2c39e90264f33305004495a9","hash":"782805a4c00cec3f7a162faaad39e07ac71c0d09"}
}
